<?xml version="1.0" encoding="UTF-8"?>
<!-- Generated by org.testng.reporters.JUnitReportReporter -->
<testsuite skipped="0" hostname="DESKTOP-202AJPG" name="alertFunction.AlertFunctionRunner" tests="1" failures="0" timestamp="2020-04-18T19:22:11 IST" time="24.864" errors="0">
  <testcase name="feature" time="24.864" classname="alertFunction.AlertFunctionRunner"/>
</testsuite> <!-- alertFunction.AlertFunctionRunner -->
