<?xml version="1.0" encoding="UTF-8"?>
<!-- Generated by org.testng.reporters.JUnitReportReporter -->
<testsuite skipped="0" hostname="DESKTOP-202AJPG" name="webDriverFrameFunction.WebDriverFrameFunctionRunner" tests="1" failures="0" timestamp="2020-04-05T21:53:48 IST" time="90.625" errors="0">
  <testcase name="feature" time="90.625" classname="webDriverFrameFunction.WebDriverFrameFunctionRunner"/>
</testsuite> <!-- webDriverFrameFunction.WebDriverFrameFunctionRunner -->
