<?xml version="1.0" encoding="UTF-8"?>
<!-- Generated by org.testng.reporters.JUnitReportReporter -->
<testsuite skipped="0" hostname="DESKTOP-202AJPG" name="webElementFunction.WebElementFunctionRunner" tests="1" failures="0" timestamp="2020-04-05T15:42:37 IST" time="125.633" errors="0">
  <testcase name="feature" time="125.633" classname="webElementFunction.WebElementFunctionRunner"/>
</testsuite> <!-- webElementFunction.WebElementFunctionRunner -->
