<?xml version="1.0" encoding="UTF-8"?>
<!-- Generated by org.testng.reporters.JUnitReportReporter -->
<testsuite skipped="0" hostname="DESKTOP-202AJPG" name="alertFunction.AlertFunctionRunner" tests="1" failures="0" timestamp="2020-04-14T19:35:05 IST" time="99.045" errors="0">
  <testcase name="feature" time="99.045" classname="alertFunction.AlertFunctionRunner"/>
</testsuite> <!-- alertFunction.AlertFunctionRunner -->
