<?xml version="1.0" encoding="UTF-8"?>
<!-- Generated by org.testng.reporters.JUnitReportReporter -->
<testsuite skipped="1" hostname="DESKTOP-202AJPG" name="customRunner.CustomAbstractTestNGCucumberTests" tests="1" failures="0" timestamp="2020-04-04T18:10:29 IST" time="0.000" errors="0">
  <testcase name="feature" time="0.000" classname="customRunner.CustomAbstractTestNGCucumberTests">
    <skipped/>
  </testcase> <!-- feature -->
</testsuite> <!-- customRunner.CustomAbstractTestNGCucumberTests -->
