<?xml version="1.0" encoding="UTF-8"?>
<!-- Generated by org.testng.reporters.JUnitReportReporter -->
<testsuite skipped="0" hostname="DESKTOP-202AJPG" name="webDriverWaitFunction.WebDriverWaitFunctionRunner" tests="1" failures="0" timestamp="2020-04-05T16:01:09 IST" time="70.422" errors="0">
  <testcase name="feature" time="70.422" classname="webDriverWaitFunction.WebDriverWaitFunctionRunner"/>
</testsuite> <!-- webDriverWaitFunction.WebDriverWaitFunctionRunner -->
